20150131-03:20:35.824 : Created session
20150131-03:20:36.043 : Connecting to 54.199.176.76 on port 9880
20150131-03:20:36.230 : Connection succeeded
20150131-03:20:36.511 : Session reset: ResetOnLogon
20150131-03:20:36.793 : Session reset: ResetSeqNumFlag
20150131-03:20:36.793 : Initiated logon request
20150131-03:20:46.824 : Session FIX.4.4:9f4aa8d2-2f2b-4173-82a2-15719f365727->BTCC-FIX-SERVER disconnecting: Timed out waiting for logon response
20150131-03:20:46.855 : Session reset: ResetOnDisconnect
20150131-03:21:36.104 : Connecting to 54.199.176.76 on port 9880
20150131-03:21:36.229 : Connection succeeded
20150131-03:21:36.245 : Session reset: ResetOnLogon
20150131-03:21:36.260 : Session reset: ResetSeqNumFlag
20150131-03:21:36.260 : Initiated logon request
20150131-03:21:46.260 : Session FIX.4.4:9f4aa8d2-2f2b-4173-82a2-15719f365727->BTCC-FIX-SERVER disconnecting: Timed out waiting for logon response
20150131-03:21:46.276 : Session reset: ResetOnDisconnect
20150131-03:22:37.103 : Connecting to 54.199.176.76 on port 9880
20150131-03:22:37.322 : Connection succeeded
20150131-03:22:37.337 : Session reset: ResetOnLogon
20150131-03:22:37.337 : Session reset: ResetSeqNumFlag
20150131-03:22:37.353 : Initiated logon request
20150131-03:22:47.353 : Session FIX.4.4:9f4aa8d2-2f2b-4173-82a2-15719f365727->BTCC-FIX-SERVER disconnecting: Timed out waiting for logon response
20150131-03:22:47.353 : Session reset: ResetOnDisconnect
20150131-03:23:38.117 : Connecting to 54.199.176.76 on port 9880
20150131-03:23:38.320 : Connection succeeded
20150131-03:23:38.336 : Session reset: ResetOnLogon
20150131-03:23:38.352 : Session reset: ResetSeqNumFlag
20150131-03:23:38.352 : Initiated logon request
20150131-03:23:48.351 : Session FIX.4.4:9f4aa8d2-2f2b-4173-82a2-15719f365727->BTCC-FIX-SERVER disconnecting: Timed out waiting for logon response
20150131-03:23:48.351 : Session reset: ResetOnDisconnect
20150131-03:26:33.036 : Created session
20150131-03:26:33.067 : Connecting to 54.199.176.76 on port 9880
20150131-03:26:33.161 : Connection succeeded
20150131-03:26:33.223 : Session reset: ResetOnLogon
20150131-03:26:33.255 : Session reset: ResetSeqNumFlag
20150131-03:26:33.255 : Initiated logon request
20150131-03:26:43.254 : Session FIX.4.4:9f4aa8d2-2f2b-4173-82a2-15719f365727->BTCC-FIX-SERVER disconnecting: Timed out waiting for logon response
20150131-03:26:43.286 : Session reset: ResetOnDisconnect
20150131-05:05:19.258 : Created session
20150131-05:05:19.414 : Connecting to 54.199.176.76 on port 9880
20150131-05:05:19.664 : Connection succeeded
20150131-05:05:19.961 : Session reset: ResetOnLogon
20150131-05:05:20.164 : Session reset: ResetSeqNumFlag
20150131-05:05:20.179 : Initiated logon request
20150131-05:05:30.210 : Session FIX.4.4:9f4aa8d2-2f2b-4173-82a2-15719f365727->BTCC-FIX-SERVER disconnecting: Timed out waiting for logon response
20150131-05:05:30.210 : Session reset: ResetOnDisconnect
20150131-05:06:19.459 : Connecting to 54.199.176.76 on port 9880
20150131-05:06:19.662 : Connection succeeded
20150131-05:06:19.678 : Session reset: ResetOnLogon
20150131-05:06:19.694 : Session reset: ResetSeqNumFlag
20150131-05:06:19.694 : Initiated logon request
20150131-05:06:29.693 : Session FIX.4.4:9f4aa8d2-2f2b-4173-82a2-15719f365727->BTCC-FIX-SERVER disconnecting: Timed out waiting for logon response
20150131-05:06:29.709 : Session reset: ResetOnDisconnect
20150131-05:21:27.170 : Created session
20150131-05:21:27.217 : Connecting to 54.199.176.76 on port 9880
20150131-05:21:27.436 : Connection succeeded
20150131-05:21:27.514 : Session reset: ResetOnLogon
20150131-05:21:27.545 : Session reset: ResetSeqNumFlag
20150131-05:21:27.545 : Initiated logon request
20150131-05:21:39.264 : Session FIX.4.4:9f4aa8d2-2f2b-4173-82a2-15719f365727->BTCC-FIX-SERVER disconnecting: Timed out waiting for logon response
20150131-05:21:40.732 : Session reset: ResetOnDisconnect
20150131-05:30:51.468 : Created session
20150131-05:30:51.515 : Connecting to 54.199.176.76 on port 9880
20150131-05:30:51.625 : Connection succeeded
20150131-05:30:51.687 : Session reset: ResetOnLogon
20150131-05:30:51.718 : Session reset: ResetSeqNumFlag
20150131-05:30:51.734 : Initiated logon request
20150131-05:31:01.734 : Session FIX.4.4:9f4aa8d2-2f2b-4173-82a2-15719f365727->BTCC-FIX-SERVER disconnecting: Timed out waiting for logon response
20150131-05:31:01.734 : Session reset: ResetOnDisconnect
20150131-06:00:20.767 : Created session
20150131-06:00:20.798 : Connecting to 54.199.176.76 on port 9880
20150131-06:00:20.876 : Connection succeeded
20150131-06:00:20.939 : Session reset: ResetOnLogon
20150131-06:00:20.970 : Session reset: ResetSeqNumFlag
20150131-06:00:20.986 : Initiated logon request
20150131-06:00:30.985 : Session FIX.4.4:9f4aa8d2-2f2b-4173-82a2-15719f365727->BTCC-FIX-SERVER disconnecting: Timed out waiting for logon response
20150131-06:00:30.985 : Session reset: ResetOnDisconnect
