20150201-09:57:02.839 : Created session
20150201-09:57:02.871 : Connecting to 54.199.176.76 on port 9880
20150201-09:57:02.961 : Connection succeeded
20150201-09:57:03.025 : Session reset: ResetOnLogon
20150201-09:57:03.079 : Session reset: ResetSeqNumFlag
20150201-09:57:03.086 : Initiated logon request
20150201-09:57:03.199 : Session FIX.4.4:313f2379-26c7-4204-86b5-bc66e04ac3e5->BTCC-FIX-SERVER disconnecting: System.Net.Sockets.SocketException: 远程主机强迫关闭了一个现有的连接。
   在 QuickFix.SocketInitiatorThread.Read()
20150201-09:57:03.212 : Session reset: ResetOnDisconnect
20150201-09:58:03.186 : Connecting to 54.199.176.76 on port 9880
20150201-09:58:03.266 : Connection succeeded
20150201-09:58:03.276 : Session reset: ResetOnLogon
20150201-09:58:03.286 : Session reset: ResetSeqNumFlag
20150201-09:58:03.287 : Initiated logon request
20150201-09:58:03.374 : Session FIX.4.4:313f2379-26c7-4204-86b5-bc66e04ac3e5->BTCC-FIX-SERVER disconnecting: System.Net.Sockets.SocketException: 远程主机强迫关闭了一个现有的连接。
   在 QuickFix.SocketInitiatorThread.Read()
20150201-09:58:03.385 : Session reset: ResetOnDisconnect
20150201-09:59:03.241 : Connecting to 54.199.176.76 on port 9880
20150201-09:59:03.318 : Connection succeeded
20150201-09:59:03.334 : Session reset: ResetOnLogon
20150201-09:59:03.349 : Session reset: ResetSeqNumFlag
20150201-09:59:03.350 : Initiated logon request
20150201-09:59:03.436 : Session FIX.4.4:313f2379-26c7-4204-86b5-bc66e04ac3e5->BTCC-FIX-SERVER disconnecting: System.Net.Sockets.SocketException: 远程主机强迫关闭了一个现有的连接。
   在 QuickFix.SocketInitiatorThread.Read()
20150201-09:59:03.450 : Session reset: ResetOnDisconnect
20150201-10:00:04.382 : Connecting to 54.199.176.76 on port 9880
20150201-10:00:04.463 : Connection succeeded
20150201-10:00:04.477 : Session reset: ResetOnLogon
20150201-10:00:04.490 : Session reset: ResetSeqNumFlag
20150201-10:00:04.491 : Initiated logon request
20150201-10:00:04.585 : Session FIX.4.4:313f2379-26c7-4204-86b5-bc66e04ac3e5->BTCC-FIX-SERVER disconnecting: System.Net.Sockets.SocketException: 远程主机强迫关闭了一个现有的连接。
   在 QuickFix.SocketInitiatorThread.Read()
20150201-10:00:04.599 : Session reset: ResetOnDisconnect
20150201-10:01:03.436 : Connecting to 54.199.176.76 on port 9880
20150201-10:01:03.519 : Connection succeeded
20150201-10:01:03.534 : Session reset: ResetOnLogon
20150201-10:01:03.550 : Session reset: ResetSeqNumFlag
20150201-10:01:03.552 : Initiated logon request
20150201-10:01:03.640 : Session FIX.4.4:313f2379-26c7-4204-86b5-bc66e04ac3e5->BTCC-FIX-SERVER disconnecting: System.Net.Sockets.SocketException: 远程主机强迫关闭了一个现有的连接。
   在 QuickFix.SocketInitiatorThread.Read()
20150201-10:01:03.647 : Session reset: ResetOnDisconnect
20150201-10:02:04.567 : Connecting to 54.199.176.76 on port 9880
20150201-10:02:04.648 : Connection succeeded
20150201-10:02:04.662 : Session reset: ResetOnLogon
20150201-10:02:04.673 : Session reset: ResetSeqNumFlag
20150201-10:02:04.674 : Initiated logon request
20150201-10:02:04.771 : Session FIX.4.4:313f2379-26c7-4204-86b5-bc66e04ac3e5->BTCC-FIX-SERVER disconnecting: System.Net.Sockets.SocketException: 远程主机强迫关闭了一个现有的连接。
   在 QuickFix.SocketInitiatorThread.Read()
20150201-10:02:04.784 : Session reset: ResetOnDisconnect
